<?xml version="1.0" encoding="UTF-8"?>
<testng-results ignored="0" total="1" passed="1" failed="0" skipped="0">
  <reporter-output>
  </reporter-output>
  <suite started-at="2026-07-20T15:28:53 IST" name="com.moksh.automation.tests.LoginTest" finished-at="2026-07-20T15:29:01 IST" duration-ms="8393">
    <groups>
    </groups>
    <test started-at="2026-07-20T15:28:53 IST" name="Command line test" finished-at="2026-07-20T15:29:01 IST" duration-ms="8393">
      <class name="com.moksh.automation.tests.LoginTest">
        <test-method is-config="true" signature="setUp()[pri:0, instance:com.moksh.automation.tests.LoginTest@7f77e91b]" started-at="2026-07-20T15:28:53 IST" name="setUp" finished-at="2026-07-20T15:28:54 IST" duration-ms="1089" status="PASS">
          <reporter-output>
          </reporter-output>
        </test-method> <!-- setUp -->
        <test-method signature="loginWithValidCredentials()[pri:0, instance:com.moksh.automation.tests.LoginTest@7f77e91b]" started-at="2026-07-20T15:28:54 IST" name="loginWithValidCredentials" finished-at="2026-07-20T15:29:01 IST" duration-ms="7198" status="PASS">
          <reporter-output>
          </reporter-output>
        </test-method> <!-- loginWithValidCredentials -->
        <test-method is-config="true" signature="tearDown()[pri:0, instance:com.moksh.automation.tests.LoginTest@7f77e91b]" started-at="2026-07-20T15:29:01 IST" name="tearDown" finished-at="2026-07-20T15:29:01 IST" duration-ms="77" status="PASS">
          <reporter-output>
          </reporter-output>
        </test-method> <!-- tearDown -->
      </class> <!-- com.moksh.automation.tests.LoginTest -->
    </test> <!-- Command line test -->
  </suite> <!-- com.moksh.automation.tests.LoginTest -->
</testng-results>
